<?xml version="1.0" encoding="UTF-8"?>
<!-- Generated by org.testng.reporters.JUnitXMLReporter -->
<testsuite ignored="0" hostname="LAPTOP-PLNO5R2G" failures="0" tests="4" name="Default test" time="12.602" errors="0" timestamp="2023-03-17T21:40:32 PDT">
  <testcase classname="jenkins_tests.Amazon" name="clickOnSignInLink" time="0.515"/>
  <testcase classname="jenkins_tests.Amazon" name="logInCredentials" time="0.573"/>
  <testcase classname="jenkins_tests.Amazon" name="clickOnAccount" time="2.983"/>
  <testcase classname="jenkins_tests.Amazon" name="amazonHome" time="1.129"/>
</testsuite> <!-- Default test -->
