<?xml version="1.0" encoding="UTF-8"?>
<testng-results ignored="0" total="4" passed="4" failed="0" skipped="0">
  <reporter-output>
  </reporter-output>
  <suite started-at="2023-03-17T21:40:20 PDT" name="Default suite" finished-at="2023-03-17T21:40:32 PDT" duration-ms="12602">
    <groups>
    </groups>
    <test started-at="2023-03-17T21:40:20 PDT" name="Default test" finished-at="2023-03-17T21:40:32 PDT" duration-ms="12602">
      <class name="jenkins_tests.Amazon">
        <test-method is-config="true" signature="launchUrl()[pri:0, instance:jenkins_tests.Amazon@543295b0]" started-at="2023-03-17T21:40:20 PDT" name="launchUrl" finished-at="2023-03-17T21:40:26 PDT" duration-ms="6560" status="PASS">
          <reporter-output>
          </reporter-output>
        </test-method> <!-- launchUrl -->
        <test-method signature="clickOnSignInLink()[pri:1, instance:jenkins_tests.Amazon@543295b0]" started-at="2023-03-17T21:40:26 PDT" name="clickOnSignInLink" finished-at="2023-03-17T21:40:27 PDT" duration-ms="515" status="PASS">
          <reporter-output>
          </reporter-output>
        </test-method> <!-- clickOnSignInLink -->
        <test-method signature="logInCredentials()[pri:2, instance:jenkins_tests.Amazon@543295b0]" started-at="2023-03-17T21:40:27 PDT" name="logInCredentials" finished-at="2023-03-17T21:40:28 PDT" depends-on-methods="jenkins_tests.Amazon.clickOnSignInLink" duration-ms="573" status="PASS">
          <reporter-output>
          </reporter-output>
        </test-method> <!-- logInCredentials -->
        <test-method signature="clickOnAccount()[pri:3, instance:jenkins_tests.Amazon@543295b0]" started-at="2023-03-17T21:40:28 PDT" name="clickOnAccount" finished-at="2023-03-17T21:40:31 PDT" depends-on-methods="jenkins_tests.Amazon.clickOnSignInLink, jenkins_tests.Amazon.logInCredentials" duration-ms="2983" status="PASS">
          <reporter-output>
          </reporter-output>
        </test-method> <!-- clickOnAccount -->
        <test-method signature="amazonHome()[pri:4, instance:jenkins_tests.Amazon@543295b0]" started-at="2023-03-17T21:40:31 PDT" name="amazonHome" finished-at="2023-03-17T21:40:32 PDT" depends-on-methods="jenkins_tests.Amazon.clickOnAccount, jenkins_tests.Amazon.clickOnSignInLink, jenkins_tests.Amazon.logInCredentials" duration-ms="1129" status="PASS">
          <reporter-output>
          </reporter-output>
        </test-method> <!-- amazonHome -->
        <test-method is-config="true" signature="tearDown()[pri:0, instance:jenkins_tests.Amazon@543295b0]" started-at="2023-03-17T21:40:32 PDT" name="tearDown" finished-at="2023-03-17T21:40:32 PDT" duration-ms="803" status="PASS">
          <reporter-output>
          </reporter-output>
        </test-method> <!-- tearDown -->
      </class> <!-- jenkins_tests.Amazon -->
    </test> <!-- Default test -->
  </suite> <!-- Default suite -->
</testng-results>
